Copyright 1986-2018 Xilinx, Inc. All Rights Reserved.
-------------------------------------------------------------------------------------
| Tool Version : Vivado v.2018.2 (lin64) Build 2258646 Thu Jun 14 20:02:38 MDT 2018
| Date         : Wed May 31 15:52:57 2023
| Host         : insa-11289 running 64-bit Ubuntu 20.04.6 LTS
| Command      : report_control_sets -verbose -file Pipeline_control_sets_placed.rpt
| Design       : Pipeline
| Device       : xc7a35t
-------------------------------------------------------------------------------------

Control Set Information

Table of Contents
-----------------
1. Summary
2. Histogram
3. Flip-Flop Distribution
4. Detailed Control Set Information

1. Summary
----------

+----------------------------------------------------------+-------+
|                          Status                          | Count |
+----------------------------------------------------------+-------+
| Number of unique control sets                            |   270 |
| Unused register locations in slices containing registers |    10 |
+----------------------------------------------------------+-------+


2. Histogram
------------

+--------+--------------+
| Fanout | Control Sets |
+--------+--------------+
|     10 |            1 |
|    16+ |          269 |
+--------+--------------+


3. Flip-Flop Distribution
-------------------------

+--------------+-----------------------+------------------------+-----------------+--------------+
| Clock Enable | Synchronous Set/Reset | Asynchronous Set/Reset | Total Registers | Total Slices |
+--------------+-----------------------+------------------------+-----------------+--------------+
| No           | No                    | No                     |             208 |           43 |
| No           | No                    | Yes                    |               0 |            0 |
| No           | Yes                   | No                     |              30 |            5 |
| Yes          | No                    | No                     |               0 |            0 |
| Yes          | No                    | Yes                    |              16 |            5 |
| Yes          | Yes                   | No                     |            4240 |          727 |
+--------------+-----------------------+------------------------+-----------------+--------------+


4. Detailed Control Set Information
-----------------------------------

+----------------+--------------------------------+------------------+------------------+----------------+
|  Clock Signal  |          Enable Signal         | Set/Reset Signal | Slice Load Count | Bel Load Count |
+----------------+--------------------------------+------------------+------------------+----------------+
|  count/E[0]    |                                |                  |                2 |             10 |
|  CLK_IBUF_BUFG | EXMEM/my_bank_reg[2][0][0]     | RST_IBUF         |                3 |             16 |
|  CLK_IBUF_BUFG | EXMEM/my_bank_reg[247][0][0]   | RST_IBUF         |                5 |             16 |
|  CLK_IBUF_BUFG | EXMEM/my_bank_reg[29][0][0]    | RST_IBUF         |                3 |             16 |
|  CLK_IBUF_BUFG | EXMEM/my_bank_reg[28][0][0]    | RST_IBUF         |                3 |             16 |
|  CLK_IBUF_BUFG | EXMEM/my_bank_reg[27][0][0]    | RST_IBUF         |                2 |             16 |
|  CLK_IBUF_BUFG | EXMEM/my_bank_reg[26][0][0]    | RST_IBUF         |                3 |             16 |
|  CLK_IBUF_BUFG | EXMEM/my_bank_reg[25][0][0]    | RST_IBUF         |                1 |             16 |
|  CLK_IBUF_BUFG | EXMEM/my_bank_reg[255][0]_0[0] | RST_IBUF         |                7 |             16 |
|  CLK_IBUF_BUFG | EXMEM/my_bank_reg[254][0][0]   | RST_IBUF         |                3 |             16 |
|  CLK_IBUF_BUFG | EXMEM/my_bank_reg[253][0][0]   | RST_IBUF         |                4 |             16 |
|  CLK_IBUF_BUFG | EXMEM/my_bank_reg[252][0][0]   | RST_IBUF         |                2 |             16 |
|  CLK_IBUF_BUFG | EXMEM/my_bank_reg[251][0][0]   | RST_IBUF         |                2 |             16 |
|  CLK_IBUF_BUFG | EXMEM/my_bank_reg[250][0][0]   | RST_IBUF         |                2 |             16 |
|  CLK_IBUF_BUFG | EXMEM/my_bank_reg[24][0][0]    | RST_IBUF         |                2 |             16 |
|  CLK_IBUF_BUFG | EXMEM/my_bank_reg[249][0][0]   | RST_IBUF         |                1 |             16 |
|  CLK_IBUF_BUFG | EXMEM/my_bank_reg[248][0][0]   | RST_IBUF         |                1 |             16 |
|  CLK_IBUF_BUFG | EXMEM/my_bank_reg[45][0][0]    | RST_IBUF         |                5 |             16 |
|  CLK_IBUF_BUFG | EXMEM/my_bank_reg[38][0][0]    | RST_IBUF         |                2 |             16 |
|  CLK_IBUF_BUFG | EXMEM/my_bank_reg[46][0][0]    | RST_IBUF         |                1 |             16 |
|  CLK_IBUF_BUFG | EXMEM/my_bank_reg[44][0][0]    | RST_IBUF         |                1 |             16 |
|  CLK_IBUF_BUFG | EXMEM/my_bank_reg[43][0][0]    | RST_IBUF         |                3 |             16 |
|  CLK_IBUF_BUFG | EXMEM/my_bank_reg[42][0][0]    | RST_IBUF         |                1 |             16 |
|  CLK_IBUF_BUFG | EXMEM/my_bank_reg[41][0][0]    | RST_IBUF         |                3 |             16 |
|  CLK_IBUF_BUFG | EXMEM/my_bank_reg[40][0][0]    | RST_IBUF         |                3 |             16 |
|  CLK_IBUF_BUFG | EXMEM/my_bank_reg[3][0][0]     | RST_IBUF         |                2 |             16 |
|  CLK_IBUF_BUFG | EXMEM/my_bank_reg[39][0][0]    | RST_IBUF         |                2 |             16 |
|  CLK_IBUF_BUFG | EXMEM/my_bank_reg[30][0][0]    | RST_IBUF         |                4 |             16 |
|  CLK_IBUF_BUFG | EXMEM/my_bank_reg[37][0][0]    | RST_IBUF         |                2 |             16 |
|  CLK_IBUF_BUFG | EXMEM/my_bank_reg[36][0][0]    | RST_IBUF         |                1 |             16 |
|  CLK_IBUF_BUFG | EXMEM/my_bank_reg[35][0][0]    | RST_IBUF         |                2 |             16 |
|  CLK_IBUF_BUFG | EXMEM/my_bank_reg[34][0][0]    | RST_IBUF         |                3 |             16 |
|  CLK_IBUF_BUFG | EXMEM/my_bank_reg[33][0][0]    | RST_IBUF         |                1 |             16 |
|  CLK_IBUF_BUFG | EXMEM/my_bank_reg[32][0][0]    | RST_IBUF         |                3 |             16 |
|  CLK_IBUF_BUFG | EXMEM/my_bank_reg[31][0][0]    | RST_IBUF         |                5 |             16 |
|  CLK_IBUF_BUFG | EXMEM/my_bank_reg[223][0][0]   | RST_IBUF         |                5 |             16 |
|  CLK_IBUF_BUFG | EXMEM/my_bank_reg[230][0][0]   | RST_IBUF         |                4 |             16 |
|  CLK_IBUF_BUFG | EXMEM/my_bank_reg[22][0][0]    | RST_IBUF         |                2 |             16 |
|  CLK_IBUF_BUFG | EXMEM/my_bank_reg[229][0][0]   | RST_IBUF         |                3 |             16 |
|  CLK_IBUF_BUFG | EXMEM/my_bank_reg[228][0][0]   | RST_IBUF         |                3 |             16 |
|  CLK_IBUF_BUFG | EXMEM/my_bank_reg[227][0][0]   | RST_IBUF         |                5 |             16 |
|  CLK_IBUF_BUFG | EXMEM/my_bank_reg[226][0][0]   | RST_IBUF         |                1 |             16 |
|  CLK_IBUF_BUFG | EXMEM/my_bank_reg[225][0][0]   | RST_IBUF         |                3 |             16 |
|  CLK_IBUF_BUFG | EXMEM/my_bank_reg[224][0][0]   | RST_IBUF         |                2 |             16 |
|  CLK_IBUF_BUFG | EXMEM/my_bank_reg[231][0][0]   | RST_IBUF         |                1 |             16 |
|  CLK_IBUF_BUFG | EXMEM/my_bank_reg[222][0][0]   | RST_IBUF         |                2 |             16 |
|  CLK_IBUF_BUFG | EXMEM/my_bank_reg[221][0][0]   | RST_IBUF         |                7 |             16 |
|  CLK_IBUF_BUFG | EXMEM/my_bank_reg[220][0][0]   | RST_IBUF         |                5 |             16 |
|  CLK_IBUF_BUFG | EXMEM/my_bank_reg[21][0][0]    | RST_IBUF         |                4 |             16 |
|  CLK_IBUF_BUFG | EXMEM/my_bank_reg[219][0][0]   | RST_IBUF         |                4 |             16 |
|  CLK_IBUF_BUFG | EXMEM/my_bank_reg[218][0][0]   | RST_IBUF         |                2 |             16 |
|  CLK_IBUF_BUFG | EXMEM/my_bank_reg[217][0][0]   | RST_IBUF         |                2 |             16 |
|  CLK_IBUF_BUFG | EXMEM/my_bank_reg[246][0][0]   | RST_IBUF         |                3 |             16 |
|  CLK_IBUF_BUFG | EXMEM/my_bank_reg[232][0][0]   | RST_IBUF         |                2 |             16 |
|  CLK_IBUF_BUFG | EXMEM/my_bank_reg[233][0][0]   | RST_IBUF         |                1 |             16 |
|  CLK_IBUF_BUFG | EXMEM/my_bank_reg[234][0][0]   | RST_IBUF         |                1 |             16 |
|  CLK_IBUF_BUFG | EXMEM/my_bank_reg[235][0][0]   | RST_IBUF         |                2 |             16 |
|  CLK_IBUF_BUFG | EXMEM/my_bank_reg[236][0][0]   | RST_IBUF         |                7 |             16 |
|  CLK_IBUF_BUFG | EXMEM/my_bank_reg[237][0][0]   | RST_IBUF         |                3 |             16 |
|  CLK_IBUF_BUFG | EXMEM/my_bank_reg[238][0][0]   | RST_IBUF         |                4 |             16 |
|  CLK_IBUF_BUFG | EXMEM/my_bank_reg[239][0][0]   | RST_IBUF         |                4 |             16 |
|  CLK_IBUF_BUFG | EXMEM/my_bank_reg[23][0][0]    | RST_IBUF         |                2 |             16 |
|  CLK_IBUF_BUFG | EXMEM/my_bank_reg[240][0][0]   | RST_IBUF         |                1 |             16 |
|  CLK_IBUF_BUFG | EXMEM/my_bank_reg[241][0][0]   | RST_IBUF         |                1 |             16 |
|  CLK_IBUF_BUFG | EXMEM/my_bank_reg[242][0][0]   | RST_IBUF         |                2 |             16 |
|  CLK_IBUF_BUFG | EXMEM/my_bank_reg[243][0][0]   | RST_IBUF         |                2 |             16 |
|  CLK_IBUF_BUFG | EXMEM/my_bank_reg[244][0][0]   | RST_IBUF         |                1 |             16 |
|  CLK_IBUF_BUFG | EXMEM/my_bank_reg[245][0][0]   | RST_IBUF         |                1 |             16 |
|  CLK_IBUF_BUFG | EXMEM/my_bank_reg[84][0][0]    | RST_IBUF         |                2 |             16 |
|  CLK_IBUF_BUFG | EXMEM/my_bank_reg[91][0][0]    | RST_IBUF         |                6 |             16 |
|  CLK_IBUF_BUFG | EXMEM/my_bank_reg[90][0][0]    | RST_IBUF         |                3 |             16 |
|  CLK_IBUF_BUFG | EXMEM/my_bank_reg[8][0][0]     | RST_IBUF         |                8 |             16 |
|  CLK_IBUF_BUFG | EXMEM/my_bank_reg[89][0][0]    | RST_IBUF         |                2 |             16 |
|  CLK_IBUF_BUFG | EXMEM/my_bank_reg[88][0][0]    | RST_IBUF         |                3 |             16 |
|  CLK_IBUF_BUFG | EXMEM/my_bank_reg[87][0][0]    | RST_IBUF         |                2 |             16 |
|  CLK_IBUF_BUFG | EXMEM/my_bank_reg[86][0][0]    | RST_IBUF         |                1 |             16 |
|  CLK_IBUF_BUFG | EXMEM/my_bank_reg[85][0][0]    | RST_IBUF         |                2 |             16 |
|  CLK_IBUF_BUFG | EXMEM/my_bank_reg[92][0][0]    | RST_IBUF         |                1 |             16 |
|  CLK_IBUF_BUFG | EXMEM/my_bank_reg[83][0][0]    | RST_IBUF         |                2 |             16 |
|  CLK_IBUF_BUFG | EXMEM/my_bank_reg[82][0][0]    | RST_IBUF         |                5 |             16 |
|  CLK_IBUF_BUFG | EXMEM/my_bank_reg[81][0][0]    | RST_IBUF         |                4 |             16 |
|  CLK_IBUF_BUFG | EXMEM/my_bank_reg[80][0][0]    | RST_IBUF         |                2 |             16 |
|  CLK_IBUF_BUFG | EXMEM/my_bank_reg[7][0][0]     | RST_IBUF         |                2 |             16 |
|  CLK_IBUF_BUFG | EXMEM/my_bank_reg[79][0][0]    | RST_IBUF         |                6 |             16 |
|  CLK_IBUF_BUFG | EXMEM/my_bank_reg[78][0][0]    | RST_IBUF         |                2 |             16 |
|  CLK_IBUF_BUFG | EXMEM/my_bank_reg[9][0][0]     | RST_IBUF         |                4 |             16 |
|  CLK_IBUF_BUFG | MEMRE/my_bank_reg[7][7][0]     | RST_IBUF         |                5 |             16 |
|  CLK_IBUF_BUFG | MEMRE/my_bank_reg[6][7][0]     | RST_IBUF         |                2 |             16 |
|  CLK_IBUF_BUFG | MEMRE/my_bank_reg[5][7][0]     | RST_IBUF         |                1 |             16 |
|  CLK_IBUF_BUFG | MEMRE/my_bank_reg[4][7][0]     | RST_IBUF         |                3 |             16 |
|  CLK_IBUF_BUFG | MEMRE/my_bank_reg[3][7][0]     | RST_IBUF         |                1 |             16 |
|  CLK_IBUF_BUFG | MEMRE/my_bank_reg[1][7][0]     | RST_IBUF         |                1 |             16 |
|  CLK_IBUF_BUFG | MEMRE/my_bank_reg[2][7][0]     | RST_IBUF         |                2 |             16 |
|  CLK_IBUF_BUFG | MEMRE/E[0]                     | RST_IBUF         |                3 |             16 |
|  CLK_IBUF_BUFG | EXMEM/my_bank_reg[77][0][0]    | RST_IBUF         |                2 |             16 |
|  CLK_IBUF_BUFG | EXMEM/my_bank_reg[99][0][0]    | RST_IBUF         |                6 |             16 |
|  CLK_IBUF_BUFG | EXMEM/my_bank_reg[98][0][0]    | RST_IBUF         |                2 |             16 |
|  CLK_IBUF_BUFG | EXMEM/my_bank_reg[97][0][0]    | RST_IBUF         |                2 |             16 |
|  CLK_IBUF_BUFG | EXMEM/my_bank_reg[96][0][0]    | RST_IBUF         |                4 |             16 |
|  CLK_IBUF_BUFG | EXMEM/my_bank_reg[95][0][0]    | RST_IBUF         |                4 |             16 |
|  CLK_IBUF_BUFG | EXMEM/my_bank_reg[94][0][0]    | RST_IBUF         |                4 |             16 |
|  CLK_IBUF_BUFG | EXMEM/my_bank_reg[93][0][0]    | RST_IBUF         |                3 |             16 |
|  CLK_IBUF_BUFG | EXMEM/my_bank_reg[53][0][0]    | RST_IBUF         |                2 |             16 |
|  CLK_IBUF_BUFG | EXMEM/my_bank_reg[60][0][0]    | RST_IBUF         |                4 |             16 |
|  CLK_IBUF_BUFG | EXMEM/my_bank_reg[5][0][0]     | RST_IBUF         |                2 |             16 |
|  CLK_IBUF_BUFG | EXMEM/my_bank_reg[59][0][0]    | RST_IBUF         |                2 |             16 |
|  CLK_IBUF_BUFG | EXMEM/my_bank_reg[58][0][0]    | RST_IBUF         |                2 |             16 |
|  CLK_IBUF_BUFG | EXMEM/my_bank_reg[57][0][0]    | RST_IBUF         |                1 |             16 |
|  CLK_IBUF_BUFG | EXMEM/my_bank_reg[56][0][0]    | RST_IBUF         |                5 |             16 |
|  CLK_IBUF_BUFG | EXMEM/my_bank_reg[55][0][0]    | RST_IBUF         |                6 |             16 |
|  CLK_IBUF_BUFG | EXMEM/my_bank_reg[54][0][0]    | RST_IBUF         |                1 |             16 |
|  CLK_IBUF_BUFG | EXMEM/my_bank_reg[61][0][0]    | RST_IBUF         |                6 |             16 |
|  CLK_IBUF_BUFG | EXMEM/my_bank_reg[52][0][0]    | RST_IBUF         |                2 |             16 |
|  CLK_IBUF_BUFG | EXMEM/my_bank_reg[51][0][0]    | RST_IBUF         |                4 |             16 |
|  CLK_IBUF_BUFG | EXMEM/my_bank_reg[50][0][0]    | RST_IBUF         |                4 |             16 |
|  CLK_IBUF_BUFG | EXMEM/my_bank_reg[4][0][0]     | RST_IBUF         |                2 |             16 |
|  CLK_IBUF_BUFG | EXMEM/my_bank_reg[49][0][0]    | RST_IBUF         |                3 |             16 |
|  CLK_IBUF_BUFG | EXMEM/my_bank_reg[48][0][0]    | RST_IBUF         |                2 |             16 |
|  CLK_IBUF_BUFG | EXMEM/my_bank_reg[47][0][0]    | RST_IBUF         |                6 |             16 |
|  CLK_IBUF_BUFG | EXMEM/my_bank_reg[69][0][0]    | RST_IBUF         |                1 |             16 |
|  CLK_IBUF_BUFG | EXMEM/my_bank_reg[76][0][0]    | RST_IBUF         |                4 |             16 |
|  CLK_IBUF_BUFG | EXMEM/my_bank_reg[75][0][0]    | RST_IBUF         |                4 |             16 |
|  CLK_IBUF_BUFG | EXMEM/my_bank_reg[74][0][0]    | RST_IBUF         |                4 |             16 |
|  CLK_IBUF_BUFG | EXMEM/my_bank_reg[73][0][0]    | RST_IBUF         |                3 |             16 |
|  CLK_IBUF_BUFG | EXMEM/my_bank_reg[72][0][0]    | RST_IBUF         |                2 |             16 |
|  CLK_IBUF_BUFG | EXMEM/my_bank_reg[71][0][0]    | RST_IBUF         |                2 |             16 |
|  CLK_IBUF_BUFG | EXMEM/my_bank_reg[70][0][0]    | RST_IBUF         |                1 |             16 |
|  CLK_IBUF_BUFG | EXMEM/my_bank_reg[6][0][0]     | RST_IBUF         |                2 |             16 |
|  CLK_IBUF_BUFG | EXMEM/my_bank_reg[216][0][0]   | RST_IBUF         |                2 |             16 |
|  CLK_IBUF_BUFG | EXMEM/my_bank_reg[68][0][0]    | RST_IBUF         |                2 |             16 |
|  CLK_IBUF_BUFG | EXMEM/my_bank_reg[67][0][0]    | RST_IBUF         |                2 |             16 |
|  CLK_IBUF_BUFG | EXMEM/my_bank_reg[66][0][0]    | RST_IBUF         |                2 |             16 |
|  CLK_IBUF_BUFG | EXMEM/my_bank_reg[65][0][0]    | RST_IBUF         |                4 |             16 |
|  CLK_IBUF_BUFG | EXMEM/my_bank_reg[64][0][0]    | RST_IBUF         |                1 |             16 |
|  CLK_IBUF_BUFG | EXMEM/my_bank_reg[63][0][0]    | RST_IBUF         |                5 |             16 |
|  CLK_IBUF_BUFG | EXMEM/my_bank_reg[62][0][0]    | RST_IBUF         |                3 |             16 |
|  CLK_IBUF_BUFG | EXMEM/my_bank_reg[133][0][0]   | RST_IBUF         |                3 |             16 |
|  CLK_IBUF_BUFG | EXMEM/my_bank_reg[140][0][0]   | RST_IBUF         |                5 |             16 |
|  CLK_IBUF_BUFG | EXMEM/my_bank_reg[13][0][0]    | RST_IBUF         |                1 |             16 |
|  CLK_IBUF_BUFG | EXMEM/my_bank_reg[139][0][0]   | RST_IBUF         |                1 |             16 |
|  CLK_IBUF_BUFG | EXMEM/my_bank_reg[138][0][0]   | RST_IBUF         |                2 |             16 |
|  CLK_IBUF_BUFG | EXMEM/my_bank_reg[137][0][0]   | RST_IBUF         |                2 |             16 |
|  CLK_IBUF_BUFG | EXMEM/my_bank_reg[136][0][0]   | RST_IBUF         |                3 |             16 |
|  CLK_IBUF_BUFG | EXMEM/my_bank_reg[135][0][0]   | RST_IBUF         |                4 |             16 |
|  CLK_IBUF_BUFG | EXMEM/my_bank_reg[134][0][0]   | RST_IBUF         |                1 |             16 |
|  CLK_IBUF_BUFG | EXMEM/my_bank_reg[141][0][0]   | RST_IBUF         |                4 |             16 |
|  CLK_IBUF_BUFG | EXMEM/my_bank_reg[132][0][0]   | RST_IBUF         |                1 |             16 |
|  CLK_IBUF_BUFG | EXMEM/my_bank_reg[131][0][0]   | RST_IBUF         |                1 |             16 |
|  CLK_IBUF_BUFG | EXMEM/my_bank_reg[130][0][0]   | RST_IBUF         |                2 |             16 |
|  CLK_IBUF_BUFG | EXMEM/my_bank_reg[12][0][0]    | RST_IBUF         |                4 |             16 |
|  CLK_IBUF_BUFG | EXMEM/my_bank_reg[129][0][0]   | RST_IBUF         |                1 |             16 |
|  CLK_IBUF_BUFG | EXMEM/my_bank_reg[128][0][0]   | RST_IBUF         |                1 |             16 |
|  CLK_IBUF_BUFG | EXMEM/my_bank_reg[127][0][0]   | RST_IBUF         |                8 |             16 |
|  CLK_IBUF_BUFG | EXMEM/my_bank_reg[126][0][0]   | RST_IBUF         |                4 |             16 |
|  CLK_IBUF_BUFG | EXMEM/my_bank_reg[142][0][0]   | RST_IBUF         |                6 |             16 |
|  CLK_IBUF_BUFG | EXMEM/my_bank_reg[143][0][0]   | RST_IBUF         |                6 |             16 |
|  CLK_IBUF_BUFG | EXMEM/my_bank_reg[144][0][0]   | RST_IBUF         |                2 |             16 |
|  CLK_IBUF_BUFG | EXMEM/my_bank_reg[145][0][0]   | RST_IBUF         |                3 |             16 |
|  CLK_IBUF_BUFG | EXMEM/my_bank_reg[146][0][0]   | RST_IBUF         |                1 |             16 |
|  CLK_IBUF_BUFG | EXMEM/my_bank_reg[147][0][0]   | RST_IBUF         |                4 |             16 |
|  CLK_IBUF_BUFG | EXMEM/my_bank_reg[148][0][0]   | RST_IBUF         |                2 |             16 |
|  CLK_IBUF_BUFG | EXMEM/my_bank_reg[149][0][0]   | RST_IBUF         |                3 |             16 |
|  CLK_IBUF_BUFG | EXMEM/my_bank_reg[14][0][0]    | RST_IBUF         |                2 |             16 |
|  CLK_IBUF_BUFG | EXMEM/my_bank_reg[150][0][0]   | RST_IBUF         |                2 |             16 |
|  CLK_IBUF_BUFG | EXMEM/my_bank_reg[151][0][0]   | RST_IBUF         |                2 |             16 |
|  CLK_IBUF_BUFG | EXMEM/my_bank_reg[152][0][0]   | RST_IBUF         |                3 |             16 |
|  CLK_IBUF_BUFG | EXMEM/my_bank_reg[153][0][0]   | RST_IBUF         |                2 |             16 |
|  CLK_IBUF_BUFG | EXMEM/my_bank_reg[154][0][0]   | RST_IBUF         |                2 |             16 |
|  CLK_IBUF_BUFG | EXMEM/my_bank_reg[155][0][0]   | RST_IBUF         |                4 |             16 |
|  CLK_IBUF_BUFG | EXMEM/my_bank_reg[103][0][0]   | RST_IBUF         |                2 |             16 |
|  CLK_IBUF_BUFG | EXMEM/my_bank_reg[110][0][0]   | RST_IBUF         |                6 |             16 |
|  CLK_IBUF_BUFG | EXMEM/my_bank_reg[10][0][0]    | RST_IBUF         |                2 |             16 |
|  CLK_IBUF_BUFG | EXMEM/my_bank_reg[109][0][0]   | RST_IBUF         |                1 |             16 |
|  CLK_IBUF_BUFG | EXMEM/my_bank_reg[108][0][0]   | RST_IBUF         |                1 |             16 |
|  CLK_IBUF_BUFG | EXMEM/my_bank_reg[107][0][0]   | RST_IBUF         |                2 |             16 |
|  CLK_IBUF_BUFG | EXMEM/my_bank_reg[106][0][0]   | RST_IBUF         |                3 |             16 |
|  CLK_IBUF_BUFG | EXMEM/my_bank_reg[105][0][0]   | RST_IBUF         |                1 |             16 |
|  CLK_IBUF_BUFG | EXMEM/my_bank_reg[104][0][0]   | RST_IBUF         |                1 |             16 |
|  CLK_IBUF_BUFG | EXMEM/my_bank_reg[111][0][0]   | RST_IBUF         |                5 |             16 |
|  CLK_IBUF_BUFG | EXMEM/my_bank_reg[102][0][0]   | RST_IBUF         |                3 |             16 |
|  CLK_IBUF_BUFG | EXMEM/my_bank_reg[101][0][0]   | RST_IBUF         |                3 |             16 |
|  CLK_IBUF_BUFG | EXMEM/my_bank_reg[100][0][0]   | RST_IBUF         |                3 |             16 |
|  CLK_IBUF_BUFG | EXMEM/my_bank_reg[0][0][0]     | RST_IBUF         |                2 |             16 |
|  CLK_IBUF_BUFG | EXMEM/E[0]                     | RST_IBUF         |                4 |             16 |
|  CLK_IBUF_BUFG | count/sortie                   | RST_IBUF         |                5 |             16 |
|  CLK_IBUF_BUFG | MB/OUTmb[7]_i_2_n_0            | EXMEM/SR[0]      |                8 |             16 |
|  CLK_IBUF_BUFG | EXMEM/my_bank_reg[214][0][0]   | RST_IBUF         |                1 |             16 |
|  CLK_IBUF_BUFG | EXMEM/my_bank_reg[112][0][0]   | RST_IBUF         |                3 |             16 |
|  CLK_IBUF_BUFG | EXMEM/my_bank_reg[113][0][0]   | RST_IBUF         |                2 |             16 |
|  CLK_IBUF_BUFG | EXMEM/my_bank_reg[114][0][0]   | RST_IBUF         |                2 |             16 |
|  CLK_IBUF_BUFG | EXMEM/my_bank_reg[115][0][0]   | RST_IBUF         |                2 |             16 |
|  CLK_IBUF_BUFG | EXMEM/my_bank_reg[116][0][0]   | RST_IBUF         |                2 |             16 |
|  CLK_IBUF_BUFG | EXMEM/my_bank_reg[117][0][0]   | RST_IBUF         |                2 |             16 |
|  CLK_IBUF_BUFG | EXMEM/my_bank_reg[118][0][0]   | RST_IBUF         |                2 |             16 |
|  CLK_IBUF_BUFG | EXMEM/my_bank_reg[119][0][0]   | RST_IBUF         |                3 |             16 |
|  CLK_IBUF_BUFG | EXMEM/my_bank_reg[11][0][0]    | RST_IBUF         |                1 |             16 |
|  CLK_IBUF_BUFG | EXMEM/my_bank_reg[120][0][0]   | RST_IBUF         |                3 |             16 |
|  CLK_IBUF_BUFG | EXMEM/my_bank_reg[121][0][0]   | RST_IBUF         |                2 |             16 |
|  CLK_IBUF_BUFG | EXMEM/my_bank_reg[122][0][0]   | RST_IBUF         |                2 |             16 |
|  CLK_IBUF_BUFG | EXMEM/my_bank_reg[123][0][0]   | RST_IBUF         |                5 |             16 |
|  CLK_IBUF_BUFG | EXMEM/my_bank_reg[124][0][0]   | RST_IBUF         |                1 |             16 |
|  CLK_IBUF_BUFG | EXMEM/my_bank_reg[125][0][0]   | RST_IBUF         |                4 |             16 |
|  CLK_IBUF_BUFG | EXMEM/my_bank_reg[193][0][0]   | RST_IBUF         |                1 |             16 |
|  CLK_IBUF_BUFG | EXMEM/my_bank_reg[1][0][0]     | RST_IBUF         |                1 |             16 |
|  CLK_IBUF_BUFG | EXMEM/my_bank_reg[19][0][0]    | RST_IBUF         |                2 |             16 |
|  CLK_IBUF_BUFG | EXMEM/my_bank_reg[199][0][0]   | RST_IBUF         |                2 |             16 |
|  CLK_IBUF_BUFG | EXMEM/my_bank_reg[198][0][0]   | RST_IBUF         |                1 |             16 |
|  CLK_IBUF_BUFG | EXMEM/my_bank_reg[197][0][0]   | RST_IBUF         |                2 |             16 |
|  CLK_IBUF_BUFG | EXMEM/my_bank_reg[196][0][0]   | RST_IBUF         |                2 |             16 |
|  CLK_IBUF_BUFG | EXMEM/my_bank_reg[195][0][0]   | RST_IBUF         |                1 |             16 |
|  CLK_IBUF_BUFG | EXMEM/my_bank_reg[194][0][0]   | RST_IBUF         |                3 |             16 |
|  CLK_IBUF_BUFG | EXMEM/my_bank_reg[200][0][0]   | RST_IBUF         |                4 |             16 |
|  CLK_IBUF_BUFG | EXMEM/my_bank_reg[192][0][0]   | RST_IBUF         |                1 |             16 |
|  CLK_IBUF_BUFG | EXMEM/my_bank_reg[191][0][0]   | RST_IBUF         |                6 |             16 |
|  CLK_IBUF_BUFG | EXMEM/my_bank_reg[190][0][0]   | RST_IBUF         |                4 |             16 |
|  CLK_IBUF_BUFG | EXMEM/my_bank_reg[18][0][0]    | RST_IBUF         |                2 |             16 |
|  CLK_IBUF_BUFG | EXMEM/my_bank_reg[189][0][0]   | RST_IBUF         |                2 |             16 |
|  CLK_IBUF_BUFG | EXMEM/my_bank_reg[188][0][0]   | RST_IBUF         |                2 |             16 |
|  CLK_IBUF_BUFG | EXMEM/my_bank_reg[187][0][0]   | RST_IBUF         |                1 |             16 |
|  CLK_IBUF_BUFG | EXMEM/my_bank_reg[157][0][0]   | RST_IBUF         |                5 |             16 |
|  CLK_IBUF_BUFG | EXMEM/my_bank_reg[201][0][0]   | RST_IBUF         |                2 |             16 |
|  CLK_IBUF_BUFG | EXMEM/my_bank_reg[202][0][0]   | RST_IBUF         |                1 |             16 |
|  CLK_IBUF_BUFG | EXMEM/my_bank_reg[203][0][0]   | RST_IBUF         |                2 |             16 |
|  CLK_IBUF_BUFG | EXMEM/my_bank_reg[204][0][0]   | RST_IBUF         |                1 |             16 |
|  CLK_IBUF_BUFG | EXMEM/my_bank_reg[205][0][0]   | RST_IBUF         |                3 |             16 |
|  CLK_IBUF_BUFG | EXMEM/my_bank_reg[206][0][0]   | RST_IBUF         |                2 |             16 |
|  CLK_IBUF_BUFG | EXMEM/my_bank_reg[207][0][0]   | RST_IBUF         |                8 |             16 |
|  CLK_IBUF_BUFG | EXMEM/my_bank_reg[208][0][0]   | RST_IBUF         |                1 |             16 |
|  CLK_IBUF_BUFG | EXMEM/my_bank_reg[209][0][0]   | RST_IBUF         |                2 |             16 |
|  CLK_IBUF_BUFG | EXMEM/my_bank_reg[20][0][0]    | RST_IBUF         |                1 |             16 |
|  CLK_IBUF_BUFG | EXMEM/my_bank_reg[210][0][0]   | RST_IBUF         |                2 |             16 |
|  CLK_IBUF_BUFG | EXMEM/my_bank_reg[211][0][0]   | RST_IBUF         |                3 |             16 |
|  CLK_IBUF_BUFG | EXMEM/my_bank_reg[212][0][0]   | RST_IBUF         |                1 |             16 |
|  CLK_IBUF_BUFG | EXMEM/my_bank_reg[213][0][0]   | RST_IBUF         |                3 |             16 |
|  CLK_IBUF_BUFG | EXMEM/my_bank_reg[215][0][0]   | RST_IBUF         |                3 |             16 |
|  CLK_IBUF_BUFG | EXMEM/my_bank_reg[185][0][0]   | RST_IBUF         |                3 |             16 |
|  CLK_IBUF_BUFG | EXMEM/my_bank_reg[156][0][0]   | RST_IBUF         |                4 |             16 |
|  CLK_IBUF_BUFG | EXMEM/my_bank_reg[158][0][0]   | RST_IBUF         |                7 |             16 |
|  CLK_IBUF_BUFG | EXMEM/my_bank_reg[159][0][0]   | RST_IBUF         |                6 |             16 |
|  CLK_IBUF_BUFG | EXMEM/my_bank_reg[160][0][0]   | RST_IBUF         |                2 |             16 |
|  CLK_IBUF_BUFG | EXMEM/my_bank_reg[161][0][0]   | RST_IBUF         |                1 |             16 |
|  CLK_IBUF_BUFG | EXMEM/my_bank_reg[162][0][0]   | RST_IBUF         |                2 |             16 |
|  CLK_IBUF_BUFG | EXMEM/my_bank_reg[163][0][0]   | RST_IBUF         |                2 |             16 |
|  CLK_IBUF_BUFG | EXMEM/my_bank_reg[164][0][0]   | RST_IBUF         |                1 |             16 |
|  CLK_IBUF_BUFG | EXMEM/my_bank_reg[165][0][0]   | RST_IBUF         |                2 |             16 |
|  CLK_IBUF_BUFG | EXMEM/my_bank_reg[166][0][0]   | RST_IBUF         |                2 |             16 |
|  CLK_IBUF_BUFG | EXMEM/my_bank_reg[167][0][0]   | RST_IBUF         |                2 |             16 |
|  CLK_IBUF_BUFG | EXMEM/my_bank_reg[168][0][0]   | RST_IBUF         |                4 |             16 |
|  CLK_IBUF_BUFG | EXMEM/my_bank_reg[169][0][0]   | RST_IBUF         |                2 |             16 |
|  CLK_IBUF_BUFG | EXMEM/my_bank_reg[16][0][0]    | RST_IBUF         |                3 |             16 |
|  CLK_IBUF_BUFG | EXMEM/my_bank_reg[170][0][0]   | RST_IBUF         |                5 |             16 |
|  CLK_IBUF_BUFG | EXMEM/my_bank_reg[172][0][0]   | RST_IBUF         |                2 |             16 |
|  CLK_IBUF_BUFG | EXMEM/my_bank_reg[186][0][0]   | RST_IBUF         |                3 |             16 |
|  CLK_IBUF_BUFG | EXMEM/my_bank_reg[184][0][0]   | RST_IBUF         |                4 |             16 |
|  CLK_IBUF_BUFG | EXMEM/my_bank_reg[183][0][0]   | RST_IBUF         |                1 |             16 |
|  CLK_IBUF_BUFG | EXMEM/my_bank_reg[182][0][0]   | RST_IBUF         |                2 |             16 |
|  CLK_IBUF_BUFG | EXMEM/my_bank_reg[181][0][0]   | RST_IBUF         |                1 |             16 |
|  CLK_IBUF_BUFG | EXMEM/my_bank_reg[180][0][0]   | RST_IBUF         |                1 |             16 |
|  CLK_IBUF_BUFG | EXMEM/my_bank_reg[17][0][0]    | RST_IBUF         |                4 |             16 |
|  CLK_IBUF_BUFG | EXMEM/my_bank_reg[179][0][0]   | RST_IBUF         |                6 |             16 |
|  CLK_IBUF_BUFG | EXMEM/my_bank_reg[178][0][0]   | RST_IBUF         |                5 |             16 |
|  CLK_IBUF_BUFG | EXMEM/my_bank_reg[177][0][0]   | RST_IBUF         |                2 |             16 |
|  CLK_IBUF_BUFG | EXMEM/my_bank_reg[176][0][0]   | RST_IBUF         |                1 |             16 |
|  CLK_IBUF_BUFG | EXMEM/my_bank_reg[175][0][0]   | RST_IBUF         |                2 |             16 |
|  CLK_IBUF_BUFG | EXMEM/my_bank_reg[174][0][0]   | RST_IBUF         |                6 |             16 |
|  CLK_IBUF_BUFG | EXMEM/my_bank_reg[173][0][0]   | RST_IBUF         |                2 |             16 |
|  CLK_IBUF_BUFG | EXMEM/my_bank_reg[171][0][0]   | RST_IBUF         |                4 |             16 |
|  CLK_IBUF_BUFG |                                | count/aleas      |                5 |             30 |
|  LIDI/E[0]     |                                |                  |                9 |             32 |
|  CLK_IBUF_BUFG |                                |                  |               32 |            166 |
+----------------+--------------------------------+------------------+------------------+----------------+


