Vivado Simulator 2018.2
Copyright 1986-1999, 2001-2018 Xilinx, Inc. All Rights Reserved.
Running: /usr/local/insa/Xilinx.VIVADO/Vivado/2018.2/bin/unwrapped/lnx64.o/xelab -wto 4bfed8a849e44c9ca07df74acbb47898 --incr --debug typical --relax --mt 8 -L xil_defaultlib -L secureip --snapshot testPipe_behav xil_defaultlib.testPipe -log elaborate.log 
Using 8 slave threads.
Starting static elaboration
Completed static elaboration
Starting simulation data flow analysis
Completed simulation data flow analysis
Time Resolution for simulation is 1ps
Compiling package std.standard
Compiling package std.textio
Compiling package ieee.std_logic_1164
Compiling package ieee.std_logic_arith
Compiling package ieee.std_logic_unsigned
Compiling package ieee.numeric_std
Compiling architecture behavioral of entity xil_defaultlib.counter [counter_default]
Compiling architecture behavioral of entity xil_defaultlib.GestAleas [gestaleas_default]
Compiling architecture behavioral of entity xil_defaultlib.MemInst [meminst_default]
Compiling architecture behavioral of entity xil_defaultlib.RegBank [regbank_default]
Compiling architecture behavioral of entity xil_defaultlib.ALU [alu_default]
Compiling architecture behavioral of entity xil_defaultlib.MemBank [membank_default]
Compiling architecture behavioral of entity xil_defaultlib.etage4 [etage4_default]
Compiling architecture behavioral of entity xil_defaultlib.etage3 [etage3_default]
Compiling architecture behavioral of entity xil_defaultlib.MuxBr [muxbr_default]
Compiling architecture behavioral of entity xil_defaultlib.muxALU [muxalu_default]
Compiling architecture behavioral of entity xil_defaultlib.muxIN_MB [muxin_mb_default]
Compiling architecture behavioral of entity xil_defaultlib.mux_outMB [mux_outmb_default]
Compiling architecture behavioral of entity xil_defaultlib.lc_alu [lc_alu_default]
Compiling architecture behavioral of entity xil_defaultlib.LC_MB [lc_mb_default]
Compiling architecture behavioral of entity xil_defaultlib.LC_mr [lc_mr_default]
Compiling architecture behavioral of entity xil_defaultlib.testpipe
Built simulation snapshot testPipe_behav
